<?xml version="1.0" encoding="UTF-8"?>
<testsuite name="Cucumber" time="552.327" tests="15" skipped="0" failures="1" errors="0" timestamp="2025-09-06T15:27:16.261972300Z">
<testcase classname="Check user is able to register to nopcommerce website" name="Successful Registration" time="17.714">
<system-out><![CDATA[
Given Register page should open in default browser..........................passed
When Page Loads click on Register button....................................passed
And Select Gender...........................................................passed
And click on First Name and add First Name..................................passed
And click on Last Name and add Last Name....................................passed
And click on Email and add your email.......................................passed
And click on Company and add Company name...................................passed
And click on Password and add password......................................passed
And click on Confirm Password and enter Confirm Password....................passed
And click on Register Button................................................passed
And click on continue button to navigate to home page.......................passed
Then Successfully Registered and open home page.............................passed
]]></system-out>
</testcase>
<testcase classname="Check user is able to login using valid credentials" name="Login with multiple credentials - #1.1" time="34.973">
<system-out><![CDATA[
Given Login Page should open in default browser.............................passed
When Page Loads click on Log In Button......................................passed
And click on email and enter "prasenjitbhosale1234@gmail.com"...............passed
And click on password and enter "Bhosale@1234"..............................passed
And click on login button...................................................passed
Then login successful and "true"............................................passed
]]></system-out>
</testcase>
<testcase classname="Check user is able to search product" name="check search is Succesful - #1.1" time="15.753">
<system-out><![CDATA[
Given Login User and search bar available...................................passed
When Enter laptop  and click search button..................................passed
Then list of output relevant to input.......................................passed
]]></system-out>
</testcase>
<testcase classname="Check user is able to search product" name="check search is Succesful - #1.2" time="29.227">
<system-out><![CDATA[
Given Login User and search bar available...................................passed
When Enter shoes  and click search button...................................passed
Then list of output relevant to input.......................................passed
]]></system-out>
</testcase>
<testcase classname="Check user is able to search product" name="check search is Succesful - #1.3" time="18.466">
<system-out><![CDATA[
Given Login User and search bar available...................................passed
When Enter phone  and click search button...................................passed
Then list of output relevant to input.......................................passed
]]></system-out>
</testcase>
<testcase classname="Check user is able to search product" name="check search is Succesful - #1.4" time="19.576">
<system-out><![CDATA[
Given Login User and search bar available...................................passed
When Enter book  and click search button....................................passed
Then list of output relevant to input.......................................passed
]]></system-out>
</testcase>
<testcase classname="Check user is able to view Product description" name="" time="34.179">
<system-out><![CDATA[
Given open website for view product.........................................passed
When Page loads click on search enter item and search.......................passed
And click on product........................................................passed
Then successful viewed product description..................................passed
]]></system-out>
</testcase>
<testcase classname="Check user is able to add item to cart" name="Successfully added item to cart" time="136.855">
<system-out><![CDATA[
Given Open Website and add to cart..........................................passed
When Page loads login to website............................................passed
And click on searchbar then  enter an item and search.......................passed
And open and view product...................................................passed
And add item to cart........................................................passed
And go to cart..............................................................passed
Then successful add item to cart............................................passed
]]></system-out>
</testcase>
<testcase classname="Check user is able to remove item from the cart" name="" time="37.646">
<system-out><![CDATA[
Given Open Website and hover check shopping cart............................passed
When Page loads first login to the website for smooth cart flow.............passed
And Hover over shopping cart and click on go to cart........................passed
And Click on remove product cross button....................................passed
Then successful item removed from cart......................................passed
]]></system-out>
</testcase>
<testcase classname="Check user is able to change currency" name="Successfully change currency" time="23.969">
<system-out><![CDATA[
Given open website and currencybox available................................passed
When Page Loads click on Currency Change Dropdown and select currency.......passed
Then Successful changed currency............................................passed
]]></system-out>
</testcase>
<testcase classname="compare product" name="successfully compare product" time="31.005">
<system-out><![CDATA[
Given open website to compare...............................................passed
When Page loads hover on computers and go to notebooks......................passed
And add first product to compare............................................passed
And add second product to compare...........................................passed
And go to compare products list and wait and scroll down....................passed
Then successfully compared product..........................................passed
]]></system-out>
</testcase>
<testcase classname="Check user is able to add new address" name="Successfully Added new Address" time="35.524">
<system-out><![CDATA[
Given Website must open in default browser..................................passed
When Page Loads Login and click on My Account...............................passed
And click on addresses......................................................passed
And click on add new Button.................................................passed
And fill address information................................................passed
And click on save button....................................................passed
Then successful add a new address...........................................passed
]]></system-out>
</testcase>
<testcase classname="Check user is able to checkout" name="Successfully checkout an item" time="38.796">
<system-out><![CDATA[
Given open website in default browser.......................................passed
When Page loads click login account.........................................passed
And search an item..........................................................passed
And open product description................................................passed
And add that product to cart and go to cart.................................passed
And click on checkbox of terms of service...................................passed
And click on checkout button................................................passed
And click on continue button billing addresss step..........................passed
And click on continue button shipping method step...........................passed
And click on continue button payment method step............................passed
And click on continue button payment information step.......................passed
And click on confirm button confirm order step..............................passed
And click on order details link.............................................passed
And view order information page.............................................passed
And see all your order in all orders page...................................passed
Then successful checked out item............................................passed
]]></system-out>
</testcase>
<testcase classname="Check user is able to add and remove item to wishlist" name="Successfully added item to wishlist" time="18.745">
<failure type="org.openqa.selenium.TimeoutException" message="Expected condition failed: waiting for element to be clickable: By.xpath: //span[@class=&quot;close&quot;] (tried for 10 second(s) with 500 milliseconds interval)
Build info: version: '4.23.0', revision: '4df0a231af'
System info: os.name: 'Windows 11', os.arch: 'amd64', os.version: '10.0', java.version: '21.0.5'
Driver info: org.openqa.selenium.chrome.ChromeDriver
Capabilities {acceptInsecureCerts: false, browserName: chrome, browserVersion: 139.0.7258.155, chrome: {chromedriverVersion: 139.0.7258.154 (9e0d6b2b47f..., userDataDir: C:\Users\prase\AppData\Loca...}, fedcm:accounts: true, goog:chromeOptions: {debuggerAddress: localhost:60962}, networkConnectionEnabled: false, pageLoadStrategy: normal, platformName: windows, proxy: Proxy(), se:cdp: ws://localhost:60962/devtoo..., se:cdpVersion: 139.0.7258.155, setWindowRect: true, strictFileInteractability: false, timeouts: {implicit: 0, pageLoad: 300000, script: 30000}, unhandledPromptBehavior: dismiss and notify, webauthn:extension:credBlob: true, webauthn:extension:largeBlob: true, webauthn:extension:minPinLength: true, webauthn:extension:prf: true, webauthn:virtualAuthenticators: true}
Session ID: b83ccc0bd53b651d889c720d16144727">
<![CDATA[org.openqa.selenium.TimeoutException: Expected condition failed: waiting for element to be clickable: By.xpath: //span[@class="close"] (tried for 10 second(s) with 500 milliseconds interval)
Build info: version: '4.23.0', revision: '4df0a231af'
System info: os.name: 'Windows 11', os.arch: 'amd64', os.version: '10.0', java.version: '21.0.5'
Driver info: org.openqa.selenium.chrome.ChromeDriver
Capabilities {acceptInsecureCerts: false, browserName: chrome, browserVersion: 139.0.7258.155, chrome: {chromedriverVersion: 139.0.7258.154 (9e0d6b2b47f..., userDataDir: C:\Users\prase\AppData\Loca...}, fedcm:accounts: true, goog:chromeOptions: {debuggerAddress: localhost:60962}, networkConnectionEnabled: false, pageLoadStrategy: normal, platformName: windows, proxy: Proxy(), se:cdp: ws://localhost:60962/devtoo..., se:cdpVersion: 139.0.7258.155, setWindowRect: true, strictFileInteractability: false, timeouts: {implicit: 0, pageLoad: 300000, script: 30000}, unhandledPromptBehavior: dismiss and notify, webauthn:extension:credBlob: true, webauthn:extension:largeBlob: true, webauthn:extension:minPinLength: true, webauthn:extension:prf: true, webauthn:virtualAuthenticators: true}
Session ID: b83ccc0bd53b651d889c720d16144727
	at org.openqa.selenium.support.ui.WebDriverWait.timeoutException(WebDriverWait.java:84)
	at org.openqa.selenium.support.ui.FluentWait.until(FluentWait.java:228)
	at StepDefinition.PageClass.closepopup(PageClass.java:253)
	at StepDefinition.WishlistStep.close_wishlist_popup(WishlistStep.java:51)
	at âœ½.close wishlist popup(file:///C:/Users/prase/git/Prasenjit_Capstone_Project_Wipro/CucumberNopCommerce/src/test/resources/features/11Wishlist.feature:9)
]]>
</failure>
<system-out><![CDATA[
Given Website should open in default browser................................passed
When Page loads click on searchbar and enter product........................passed
And view product............................................................passed
And Add item to Wishlist....................................................passed
And close wishlist popup....................................................failed
And click on wishlist button in navbar......................................skipped
And remove item from wishlist...............................................skipped
Then successful updatation in cart..........................................skipped
]]></system-out>
</testcase>
<testcase classname="check user is able to logout from website" name="successful logout" time="59.658">
<system-out><![CDATA[
Given page should open in default browser...................................passed
When the page loads first login to the website..............................passed
And click on Logout button..................................................passed
Then successfully logged out................................................passed
]]></system-out>
</testcase>
</testsuite>
